7.290905621775368717e-01 7.683696278657451728e+01
-1.496345403276707620e-01 3.929992845333010365e+01
2.240893199201457797e+00 2.211018956087044103e+02
3.791517355550818036e-01 1.565822136215929561e+02
-4.810271184607877171e-01 3.609001275333855574e+01
-1.105406572324726111e-01 6.210464452231246213e+01
5.765908166149409375e-01 1.307809062599468746e+02
5.616534222974543800e-02 8.068814619012957223e+01
-1.328805775869556227e-01 6.122467243091577416e+00
4.160500462614254991e-01 1.072798717463582676e+02
4.074618362411104311e-01 1.691681280432669325e+02
-7.395629963913132876e-01 -6.273942144154432299e+00
-1.292856909723448577e+00 2.758579670790260963e+01
1.867557990149967484e+00 2.127474387669157068e+02
-3.539939112534839505e-01 1.155372911870097141e+01
1.887785967938285514e-01 1.153177884930560140e+02
-3.479121493261526088e-01 1.183627761070832491e+02
3.024718977397813924e-01 5.476375208494457070e+01
4.814814737734621763e-01 3.149937136072585986e+01
1.849263728479341840e+00 2.514478510600301036e+02
2.321810362002757755e-01 9.895980596127589024e+01
9.500884175255893682e-01 1.443097614340913140e+02
-4.378200447444340337e-01 -1.349861252797067834e+01
8.644361988595057333e-01 1.714874956553963443e+02
-1.383363955395055411e+00 5.064168921917053723e+01
6.252314510271874681e-01 1.750517626688871076e+02
-2.051582637658008745e-01 7.175054138192973596e+01
6.769080350302455473e-01 1.365940693722905053e+02
3.187276529430211891e-01 1.701801252560652813e+02
4.393917012645369158e-01 1.086294798914994146e+02
-1.540797014444624802e+00 -4.286543393938771374e+01
-1.420017937178975176e+00 3.311006687490788636e+01
1.054451726931136646e+00 1.341945148337920273e+02
1.867558960426569881e+00 2.632392436020983837e+02
8.755124138519089494e-02 3.581259910493332654e+01
6.088438344754507625e-01 1.369600499849739208e+02
3.700558878475187496e-01 1.495382240981514883e+02
9.740016626878340855e-02 1.422031139423365573e+02
-8.131462820444540496e-01 1.842346543528906722e+01
-4.351535517216374438e-01 8.342633283625306717e+01
5.232766605317537012e-01 1.284007215597288791e+02
-1.093061508730505782e+00 1.087789315631607252e+02
-8.707971491818817800e-01 3.183486164403737462e+01
-1.099400790584194487e+00 3.880311641207315887e+01
1.666734953725290402e-01 1.200282296734822864e+02
-2.772592756426650151e+00 -9.123616080492394076e+01
-1.374951293418018805e+00 -4.188767699067599892e+01
1.955912308250694176e+00 1.329658880621202002e+02
-5.068163542986875436e-01 2.136918436247440667e+01
7.717905512136673529e-01 1.464204359124547636e+02
1.494484544491368805e+00 2.535232172070652155e+02
-4.980324506923048955e-01 7.373096704519896605e+01
1.301846229564998403e+00 1.719330676749046347e+02
1.336527949436391971e+00 1.223317767678177574e+02
-8.264385386590143989e-01 2.274504705350821609e+01
3.781625196021735635e-01 2.071602494628733098e+02
-2.818222833865486818e-02 1.325049510796115726e+02
6.915387510701865859e-01 1.423329429784720901e+02
-6.524085823870200418e-01 9.079837233773311311e+01
1.454273506962975082e+00 1.373097202864925919e+02
-7.474548114407577604e-01 1.429278765202041512e+01
3.183055827435118251e-02 9.691044084921132651e+01
-1.726282602331676852e+00 -1.198289610213999268e+01
5.210648764527585630e-01 1.334872269526805155e+02
-6.436184028328905127e-01 7.730820481814215839e+01
-1.424060908982531570e+00 9.158256232629442550e+00
9.766390364837127525e-01 1.877717788160573207e+02
-9.128222254441585859e-01 -3.364073558930125785e+01
1.774261422537528332e-01 7.955975697199734498e+01
1.910064953099033680e+00 2.237931928212578043e+02
3.990463456401301956e-01 1.583911130454317231e+02
-3.193284171450951892e-01 2.578948804096555847e+01
-1.188859257784028900e+00 4.165163846905208089e+01
2.259308950690852136e+00 2.581735798673570343e+02
-7.447548220484399017e-01 5.936978932925670449e+01
1.950775395231789666e+00 1.802483258352877726e+02
-1.347759061142446368e+00 1.252190174850385773e+01
1.536377054245797735e+00 1.242102343115333980e+02
1.785870493905835188e+00 2.535989157299974295e+02
-1.454365674598764757e+00 8.304413565958709498e+00
-1.359497006783208228e-01 9.798573659912646860e+01
4.656624397304598428e-01 1.472341934319251777e+02
-6.510255933001468653e-01 -2.263518441578945328e+00
1.289829107574106681e-01 1.224816986697822330e+02
1.222445070382427446e+00 2.371944162829421714e+02
5.194539579613895175e-02 1.604909137521519540e+02
-8.612256850547025389e-01 6.497384629222206343e+01
-2.393791775759263885e-01 4.614179199648592089e+01
1.139400684543300679e+00 2.069341293602990390e+02
1.895889176030583156e+00 2.667230093455406177e+02
-1.936279805846506941e+00 8.215190571348394144e+00
2.863436888922795687e-01 1.792411818081224624e+02
1.136891362602695299e+00 1.339067029827162401e+02
-9.772778798764110153e-01 5.346395311119073313e+01
2.982381742060559726e-01 1.129238621189475111e+02
-1.315907410511521158e+00 -7.426280868034561422e+01
-1.613897847557951515e+00 -6.065650884535895671e+01
-1.156182431821912715e+00 1.987468186793190128e+01
-1.466424327802513972e+00 3.683372934867439596e+01
-1.799248358123509139e-01 8.355536728112447520e+01
1.713342721649366629e+00 1.616799336790694497e+02
-5.757879698130661250e-01 -2.763041202155927323e+01
-4.380743016111863786e-01 6.827843026343525423e+01
9.494208069257608074e-01 2.002175270963618630e+02
1.269120927036199165e-01 1.295795789866057532e+02
4.283318705304176577e-01 1.071779506424185513e+02
-4.664190967359430617e-01 5.649932287016952159e+00
-5.096521817516534991e-01 7.012700782908335384e+01
1.929532053816985782e+00 2.196028056542553770e+02
-6.824160532463123541e-02 1.440131226943821900e+02
1.488252193795599698e+00 1.620435678354455433e+02
2.303916697683941806e+00 2.395191115196099929e+02
1.050002072082047849e-02 1.054154028302068156e+02
-1.252795360049926199e+00 7.147508017063106678e+00
-2.069985025013532542e+00 -1.718729243155019049e+01
-5.973160689653627120e-01 4.689810254132553524e+01
-4.031769469731796285e-01 1.155363928616254583e+02
-5.108051375688730245e-01 6.005885648854729197e+01
5.216507926097440490e-02 6.607505389822598829e+01
-4.615846048147089764e-01 4.891205124600530496e+01
-3.108861716984717138e-01 6.820442362572411810e+01
6.103793791072051889e-01 1.410080962678190986e+02
3.960067126616452771e-01 9.616281307203446715e+01
-1.173123405114159912e+00 -9.524420324787456593e+00
9.472519677737479826e-01 2.035560846125563899e+02
-8.133642592042028552e-01 6.349887010557862510e+01
1.922942026480384703e+00 2.636639114970487299e+02
3.169426119248496265e-01 1.360848325489718036e+02
2.670508693491829288e-01 1.086089280474580363e+02
-7.380309092056887010e-01 6.504869163568997692e+00
8.235041539637314445e-01 1.651102773751032657e+02
-6.895497777502005432e-01 2.043454025697982246e+01
-1.070752621510542513e+00 8.355598016100421432e+01
-5.256729626954628753e-02 9.962347370935702884e+01
-1.702041386144059407e-02 1.615100930133355064e+02
-9.845252442543230009e-02 2.113742946244730092e+01
-3.972718143287976567e-01 2.062775603754120368e+01
-1.871838500258335980e-01 5.606164825244528771e+01
8.842208704466140989e-02 1.117582023497318460e+02
-1.582938397335081904e+00 -4.069182596719733169e+01
9.208588237808189580e-01 1.163115215441532939e+02
1.202379848784411287e+00 1.315296375293499977e+02
-3.691818379424435803e-01 1.431606252319851080e+02
-3.873268174079522730e-01 1.187842409710863336e+02
-7.255973784635842971e-01 8.250923843069877250e+00
1.099659595887113150e+00 2.208508188435372404e+02
-2.552989815834078691e+00 -6.129930081756068461e+01
6.947491436560059297e-01 7.499536634022901183e+01
-4.225715166064269307e-02 1.020646766611951364e+02
-1.034242841784464684e+00 9.680645138328672772e+01
-7.421650204064419443e-01 1.173384357186247229e+01
6.898181645347883917e-01 1.900053405017598038e+02
-8.540957393017247767e-01 4.920033158788722716e+01
3.764255311556294337e-01 2.008992516701291606e+02
3.172182151913020554e-01 1.236881826362862000e+02
1.211145289682700854e+00 1.789148573476683737e+02
-1.168093497741197417e+00 -1.376567408891105515e+00
-7.699160744453164007e-01 5.473923036289333055e+01
-1.706270190625012617e+00 2.290129330246242034e+01
-3.928281822749560281e-02 9.567176877269290003e+01
3.130677016509013644e-01 1.313541404942507995e+02
3.336743273742668325e-01 9.222828853622696954e+01
-2.082987555779948763e-01 1.263971035809392447e+02
-1.180632184122412109e+00 -2.483359129809976906e+01
-2.432612439893563558e-02 1.774858052034635421e+02
7.774903558319100627e-01 1.724882126681661987e+02
-1.536243686277223741e+00 -8.787667255184024384e+01
-4.017809362082618851e-01 5.589847461328518818e+01
1.532779214358457542e+00 1.484687770085397460e+02
2.064492861359319420e+00 2.722911011324789570e+02
-4.136189807597473456e-01 8.175583262688718378e+01
1.440435711608779867e-01 1.322508295468500705e+02
-9.559450004927769751e-01 4.129847902169495200e+01
-2.223403152224426638e+00 -7.369994668314083697e+01
-1.491257592705605539e+00 1.503069520808081450e+01
8.024563957963951610e-01 2.050364269623414089e+02
4.575851730144606805e-02 6.356975879775988147e+01
-5.788496647644154613e-01 -5.082626457052789704e+00
-3.023027505753355659e-01 6.023886458366894203e+01
-1.147468652411102408e+00 -4.647479380287364847e-01
-9.444462559182503769e-01 2.002610247082578709e+01
-1.630198346966044598e+00 -4.384506811968198292e+01
9.787379841057392005e-01 9.856939317261327460e+01
4.001572083672232938e-01 1.192247491518746187e+02
1.216750164928284139e-01 1.029074780970060488e+02
1.326385896687030330e+00 1.746516239548547844e+02
1.020172711715799707e+00 1.363178850931184911e+02
1.494079073157606130e+00 1.710206428333143549e+02
-4.100496932025484709e-01 8.672352169651647102e+01
2.269754623987607633e+00 2.543936492025811162e+02
-6.343220936809635946e-01 6.658716314952192761e+01
1.543014595406735801e+00 2.157895177832553770e+02
-1.079931508363423331e+00 -3.213248008214995366e+01
4.937417773491884487e-01 1.457900196036022749e+02
4.023416411775490031e-01 1.737577433010161485e+02
-1.544771096777611596e+00 5.768887344887649249e+01
-1.060015822721547263e+00 3.045783510024943297e+00
6.651722238316788716e-02 1.047687240696470781e+02
6.552637307225978036e-01 1.036589574577995307e+02
6.140793703460802888e-01 1.334466829522974365e+02
2.799245990432382425e-01 1.690495627942553369e+02
-1.980796468223926965e+00 -1.086049700179400759e+02
-1.045253366146954743e+00 3.138489744864264708e+01
-6.634782863621073723e-01 5.075335817315549747e+01
-9.815038964295794144e-02 1.286982769336489127e+02
4.627822555257741777e-01 1.198568354293622349e+02
-2.030684467781494362e+00 -2.154489270015961466e+00
-6.724604477759510424e-01 9.093261180092144969e+01
-3.994490292628751771e-01 6.830853526577777757e+01
1.469358769900285022e+00 2.230784943442553754e+02
4.438632327454256621e-01 9.558984721341035140e+01
-5.428614760167177478e-01 5.476580854655132669e+01
8.568306119026911638e-01 1.377969507508477420e+02
-1.000215347389564746e+00 7.117389201814337696e+01
1.117016288095852961e+00 1.815307530752635614e+02
-2.680033709513803819e-01 8.485144890917206340e+01
1.549474256969163022e-01 1.184456411971557799e+02
1.152331564783120044e+00 1.631330289615369225e+02
-1.270484998485733596e+00 6.716288595580647325e+01
4.019893634447016528e-01 3.523060082377853064e+01
-1.225435518830167991e+00 -1.980642366053582037e+01
-6.945678597313654778e-01 1.268186465335952562e+02
2.163235949280689852e+00 2.100863006664351360e+02
7.610377251469934157e-01 1.190804771180391981e+02
-4.933198833621940671e-01 6.706583491672003561e+01
6.326199420033171150e-02 8.393970549797265335e+01
-8.954665611936756253e-01 1.062580291639766727e+01
4.105985019383723289e-01 1.051039682497103769e+02
5.829536797532935966e-01 7.817505323332508738e+01
-2.127402802139687077e-01 2.970255829817418203e+01
6.722947570124354622e-01 1.425991632734414623e+02
-8.034096641738410760e-01 5.773568555327913288e+01
1.563489691039800511e-01 6.834816748084975302e+01
-1.550100930908341890e-01 6.514206179772787664e+01
-4.635959746460941999e-01 9.579224833260620642e+01
1.419531633207796739e-01 4.977360717916836563e+01
9.101789080925919428e-01 1.178026109167257687e+02
-1.165149840783356483e+00 -5.199321967947851419e+01
1.230290680727720742e+00 1.051620837516977787e+02
1.943621185649292649e+00 1.950242878799850814e+02
-6.920498477843911589e-01 3.998283549807241855e+01
-6.280875596415789186e-01 4.132035438684354745e+01
-2.379217297360070038e-01 1.270428178322886907e+02
-3.909533751876010932e-01 6.170962208678418648e+01
-1.602057655606747621e+00 1.471729069803264878e+01
6.401315260975920518e-01 9.175645562870482763e+01
4.262587307781009471e-01 7.928165210574326238e+01
-9.072983643832421841e-01 -2.146959091301339129e+01
-4.555325035173431458e-01 9.753155696894515359e+01
9.693967081580111556e-01 1.003646016571754984e+02
-3.595531615405412884e-01 1.191329413467921370e+02
6.815945182816269821e-01 1.478472386473866038e+02
8.443629764015471162e-01 2.193158317855647965e+02
-1.616956044310834395e+00 6.525578591907216719e+01
2.082749780768602954e-01 7.616471301094242108e+01
1.480514791434424327e+00 2.416328483759829169e+02
-5.963140384505081215e-01 -1.407840183362758779e+01
1.764052345967664026e+00 1.853619260124327752e+02
-1.048552965067092613e+00 2.279561367731277599e+01
-3.459817756993864291e-01 5.912521630488880930e+01
-6.848100909403131986e-01 -2.984452743830725296e+01
7.811981017099933755e-01 1.569462357067326934e+02
7.863279621089761529e-01 8.466638897270682662e+01
-1.513572082976978872e-01 4.125744412886326984e+01
1.079618592036821090e+00 2.022868572826629077e+02
-3.627411659871381255e-01 9.858879739069678294e+01
2.383144774863942050e+00 2.618619520846781370e+02
9.060446582753852729e-01 2.241171850792278235e+02
-1.104383339428450572e+00 3.034013329640195877e+01
1.126635922106506982e+00 1.744166258561532743e+02
-1.032188517935578448e-01 1.517771814231979022e+01
7.065731681919481533e-01 9.823359503532685721e+01
1.178779571159650708e+00 1.364843791286971850e+02
-3.115525321273726611e-01 2.193188866426419281e+01
3.869024978592620068e-01 1.557005827466429366e+02
-1.161039390343665267e-01 8.880103980581324663e+01
-1.676003806329976697e+00 2.630069362288440615e+01
9.222066715665268033e-01 1.220558571123611245e+02
9.008264869541871001e-01 1.590881651670656538e+02
-8.877857476301127537e-01 1.047063365417733110e+02
-6.358460783788809634e-01 2.637237894761689461e+01
1.883150697056254375e+00 2.046863631391678098e+02
-6.743326606573760706e-01 7.835552098835734114e+01
1.565065379653755862e-01 1.104330508777008220e+02
-1.715463312222481052e-01 4.888088419845312416e+01
9.772496771485560119e-02 1.283996742594519560e+02
5.392491912918172536e-01 1.661565907411437593e+02
9.444794869904138412e-01 1.870447691581530307e+02
5.238910238342056047e-01 6.345802762513311279e+01
3.900933226879264581e-01 5.710394374132415862e+01
-6.374370255522290307e-01 4.777852835879635052e+01
6.350314368921063934e-01 1.561627253863966871e+02
3.563663971744018832e-01 1.738507295357667886e+02
6.536185954403606058e-01 1.451074628338406853e+02
-2.977908794017283256e-01 9.730946203101484571e+01
1.188029792352301772e+00 1.856779894763315042e+02
-1.234825820353652626e+00 3.054252041540999585e+01
-3.090129690471222212e-01 1.088399181622978062e+02
1.747915902505672858e-02 1.195525034460924303e+02
6.764332949464997302e-01 1.227285362998435971e+02
